INFO:root:In get_colloquial_bus_numbers_from_actual_bus_numbers: MAP_ACUTAL_TO_COLLOQUIAL_BUS_NUMBERS:{29729: u'CL', 29732: u'EL'}
INFO:root:In constructor: parameters: DOUBLEMAP_CITY :NORTHWESTERN ALERT_DISTANCE:0.3
INFO:root:In get_all_buses_status: response:[{u'lastStop': 155, u'lastUpdate': 1395475665, u'name': u'29729', u'route': 32, u'lon': -87.672485351562, u'heading': 318, u'lat': 42.059085845947, u'id': 29729}, {u'lastStop': 160, u'lastUpdate': 1395475720, u'name': u'29732', u'route': 29, u'lon': -87.673278808594, u'heading': 169, u'lat': 42.00594329834, u'id': 29732}]
INFO:root:Code accessing Doublemap API is working correctly
INFO:root:In find_routes_for_colloquial_bus_numbers: dict_colloquial_bus_numbers :{u'EL': 29, u'CL': 32}
INFO:root:In find_actual_bus_numbers_for_actual_routes: response :[{u'lastStop': 155, u'lastUpdate': 1395475665, u'name': u'29729', u'route': 32, u'lon': -87.672485351562, u'heading': 318, u'lat': 42.059085845947, u'id': 29729}, {u'lastStop': 160, u'lastUpdate': 1395475720, u'name': u'29732', u'route': 29, u'lon': -87.673278808594, u'heading': 169, u'lat': 42.00594329834, u'id': 29732}]
INFO:root:In find_actual_bus_numbers_for_actual_routes: list_actual_bus_numbers :[29729, 29732]
INFO:root:In get_actual_bus_numbers: set_actual_route_numbers:set([32, 29])
INFO:root:In get_actual_bus_numbers: list_actual_bus_numbers :[29729, 29732]
INFO:root:Input buses list by user:['CL', 'EL']
INFO:root:In get_all_buses_status: response:[{u'lastStop': 155, u'lastUpdate': 1395475665, u'name': u'29729', u'route': 32, u'lon': -87.672485351562, u'heading': 318, u'lat': 42.059085845947, u'id': 29729}, {u'lastStop': 160, u'lastUpdate': 1395475720, u'name': u'29732', u'route': 29, u'lon': -87.673278808594, u'heading': 169, u'lat': 42.00594329834, u'id': 29732}]
INFO:root:In get_all_buses_status: dict_bus_lat_lng:{29729: (42.059085845947, -87.672485351562), 29732: (42.00594329834, -87.673278808594)}
INFO:root:In get_coordinates_of_buses: bus_number_list:['CL', 'EL']
INFO:root:In get_coordinates_of_buses: dict_bus_lat_lng:{}
INFO:root:In get_bus_distance: dict_bus_distance:{}
INFO:root:In poll_on_distance: dict_bus_distance:{}
INFO:root:In poll_on_distance: approaching_buses:['CL', 'EL']
INFO:root:In get_all_buses_status: response:[{u'lastStop': 155, u'lastUpdate': 1395475665, u'name': u'29729', u'route': 32, u'lon': -87.672485351562, u'heading': 318, u'lat': 42.059085845947, u'id': 29729}, {u'lastStop': 160, u'lastUpdate': 1395475720, u'name': u'29732', u'route': 29, u'lon': -87.673278808594, u'heading': 169, u'lat': 42.00594329834, u'id': 29732}]
INFO:root:In get_all_buses_status: dict_bus_lat_lng:{29729: (42.059085845947, -87.672485351562), 29732: (42.00594329834, -87.673278808594)}
INFO:root:In get_coordinates_of_buses: bus_number_list:['CL', 'EL']
INFO:root:In get_coordinates_of_buses: dict_bus_lat_lng:{}
INFO:root:In get_bus_distance: dict_bus_distance:{}
INFO:root:In poll_on_distance: dict_bus_distance:{}
INFO:root:In poll_on_distance: approaching_buses:['CL', 'EL']
INFO:root:In get_all_buses_status: response:[{u'lastStop': 155, u'lastUpdate': 1395475665, u'name': u'29729', u'route': 32, u'lon': -87.672485351562, u'heading': 318, u'lat': 42.059085845947, u'id': 29729}, {u'lastStop': 160, u'lastUpdate': 1395475729, u'name': u'29732', u'route': 29, u'lon': -87.673179626465, u'heading': 169, u'lat': 42.005462646484, u'id': 29732}]
INFO:root:In get_all_buses_status: dict_bus_lat_lng:{29729: (42.059085845947, -87.672485351562), 29732: (42.005462646484, -87.673179626465)}
INFO:root:In get_coordinates_of_buses: bus_number_list:['CL', 'EL']
INFO:root:In get_coordinates_of_buses: dict_bus_lat_lng:{}
INFO:root:In get_bus_distance: dict_bus_distance:{}
INFO:root:In poll_on_distance: dict_bus_distance:{}
INFO:root:In poll_on_distance: approaching_buses:['CL', 'EL']
INFO:root:In get_all_buses_status: response:[{u'lastStop': 155, u'lastUpdate': 1395475665, u'name': u'29729', u'route': 32, u'lon': -87.672485351562, u'heading': 318, u'lat': 42.059085845947, u'id': 29729}, {u'lastStop': 160, u'lastUpdate': 1395475729, u'name': u'29732', u'route': 29, u'lon': -87.673179626465, u'heading': 169, u'lat': 42.005462646484, u'id': 29732}]
INFO:root:In get_all_buses_status: dict_bus_lat_lng:{29729: (42.059085845947, -87.672485351562), 29732: (42.005462646484, -87.673179626465)}
INFO:root:In get_coordinates_of_buses: bus_number_list:['CL', 'EL']
INFO:root:In get_coordinates_of_buses: dict_bus_lat_lng:{}
INFO:root:In get_bus_distance: dict_bus_distance:{}
INFO:root:In poll_on_distance: dict_bus_distance:{}
INFO:root:In poll_on_distance: approaching_buses:['CL', 'EL']
INFO:root:In get_all_buses_status: response:[{u'lastStop': 155, u'lastUpdate': 1395475665, u'name': u'29729', u'route': 32, u'lon': -87.672485351562, u'heading': 318, u'lat': 42.059085845947, u'id': 29729}, {u'lastStop': 160, u'lastUpdate': 1395475729, u'name': u'29732', u'route': 29, u'lon': -87.673179626465, u'heading': 169, u'lat': 42.005462646484, u'id': 29732}]
INFO:root:In get_all_buses_status: dict_bus_lat_lng:{29729: (42.059085845947, -87.672485351562), 29732: (42.005462646484, -87.673179626465)}
INFO:root:In get_coordinates_of_buses: bus_number_list:['CL', 'EL']
INFO:root:In get_coordinates_of_buses: dict_bus_lat_lng:{}
INFO:root:In get_bus_distance: dict_bus_distance:{}
INFO:root:In poll_on_distance: dict_bus_distance:{}
INFO:root:In poll_on_distance: approaching_buses:['CL', 'EL']
INFO:root:In get_all_buses_status: response:[{u'lastStop': 155, u'lastUpdate': 1395475665, u'name': u'29729', u'route': 32, u'lon': -87.672485351562, u'heading': 318, u'lat': 42.059085845947, u'id': 29729}, {u'lastStop': 160, u'lastUpdate': 1395475729, u'name': u'29732', u'route': 29, u'lon': -87.673179626465, u'heading': 169, u'lat': 42.005462646484, u'id': 29732}]
INFO:root:In get_all_buses_status: dict_bus_lat_lng:{29729: (42.059085845947, -87.672485351562), 29732: (42.005462646484, -87.673179626465)}
INFO:root:In get_coordinates_of_buses: bus_number_list:['CL', 'EL']
INFO:root:In get_coordinates_of_buses: dict_bus_lat_lng:{}
INFO:root:In get_bus_distance: dict_bus_distance:{}
INFO:root:In poll_on_distance: dict_bus_distance:{}
INFO:root:In poll_on_distance: approaching_buses:['CL', 'EL']
INFO:root:In get_all_buses_status: response:[{u'lastStop': 155, u'lastUpdate': 1395475665, u'name': u'29729', u'route': 32, u'lon': -87.672485351562, u'heading': 318, u'lat': 42.059085845947, u'id': 29729}, {u'lastStop': 160, u'lastUpdate': 1395475738, u'name': u'29732', u'route': 29, u'lon': -87.673179626465, u'heading': 171, u'lat': 42.005458831787, u'id': 29732}]
INFO:root:In get_all_buses_status: dict_bus_lat_lng:{29729: (42.059085845947, -87.672485351562), 29732: (42.005458831787, -87.673179626465)}
INFO:root:In get_coordinates_of_buses: bus_number_list:['CL', 'EL']
INFO:root:In get_coordinates_of_buses: dict_bus_lat_lng:{}
INFO:root:In get_bus_distance: dict_bus_distance:{}
INFO:root:In poll_on_distance: dict_bus_distance:{}
INFO:root:In poll_on_distance: approaching_buses:['CL', 'EL']
INFO:root:In get_all_buses_status: response:[{u'lastStop': 155, u'lastUpdate': 1395475665, u'name': u'29729', u'route': 32, u'lon': -87.672485351562, u'heading': 318, u'lat': 42.059085845947, u'id': 29729}, {u'lastStop': 160, u'lastUpdate': 1395475738, u'name': u'29732', u'route': 29, u'lon': -87.673179626465, u'heading': 171, u'lat': 42.005458831787, u'id': 29732}]
INFO:root:In get_all_buses_status: dict_bus_lat_lng:{29729: (42.059085845947, -87.672485351562), 29732: (42.005458831787, -87.673179626465)}
INFO:root:In get_coordinates_of_buses: bus_number_list:['CL', 'EL']
INFO:root:In get_coordinates_of_buses: dict_bus_lat_lng:{}
INFO:root:In get_bus_distance: dict_bus_distance:{}
INFO:root:In poll_on_distance: dict_bus_distance:{}
INFO:root:In poll_on_distance: approaching_buses:['CL', 'EL']
INFO:root:In get_all_buses_status: response:[{u'lastStop': 155, u'lastUpdate': 1395475665, u'name': u'29729', u'route': 32, u'lon': -87.672485351562, u'heading': 318, u'lat': 42.059085845947, u'id': 29729}, {u'lastStop': 160, u'lastUpdate': 1395475738, u'name': u'29732', u'route': 29, u'lon': -87.673179626465, u'heading': 171, u'lat': 42.005458831787, u'id': 29732}]
INFO:root:In get_all_buses_status: dict_bus_lat_lng:{29729: (42.059085845947, -87.672485351562), 29732: (42.005458831787, -87.673179626465)}
INFO:root:In get_coordinates_of_buses: bus_number_list:['CL', 'EL']
INFO:root:In get_coordinates_of_buses: dict_bus_lat_lng:{}
INFO:root:In get_bus_distance: dict_bus_distance:{}
INFO:root:In poll_on_distance: dict_bus_distance:{}
INFO:root:In poll_on_distance: approaching_buses:['CL', 'EL']
INFO:root:In get_all_buses_status: response:[{u'lastStop': 155, u'lastUpdate': 1395475665, u'name': u'29729', u'route': 32, u'lon': -87.672485351562, u'heading': 318, u'lat': 42.059085845947, u'id': 29729}, {u'lastStop': 160, u'lastUpdate': 1395475738, u'name': u'29732', u'route': 29, u'lon': -87.673179626465, u'heading': 171, u'lat': 42.005458831787, u'id': 29732}]
INFO:root:In get_all_buses_status: dict_bus_lat_lng:{29729: (42.059085845947, -87.672485351562), 29732: (42.005458831787, -87.673179626465)}
INFO:root:In get_coordinates_of_buses: bus_number_list:['CL', 'EL']
INFO:root:In get_coordinates_of_buses: dict_bus_lat_lng:{}
INFO:root:In get_bus_distance: dict_bus_distance:{}
INFO:root:In poll_on_distance: dict_bus_distance:{}
INFO:root:In poll_on_distance: approaching_buses:['CL', 'EL']
INFO:root:In get_all_buses_status: response:[{u'lastStop': 155, u'lastUpdate': 1395475665, u'name': u'29729', u'route': 32, u'lon': -87.672485351562, u'heading': 318, u'lat': 42.059085845947, u'id': 29729}, {u'lastStop': 160, u'lastUpdate': 1395475738, u'name': u'29732', u'route': 29, u'lon': -87.673179626465, u'heading': 171, u'lat': 42.005458831787, u'id': 29732}]
INFO:root:In get_all_buses_status: dict_bus_lat_lng:{29729: (42.059085845947, -87.672485351562), 29732: (42.005458831787, -87.673179626465)}
INFO:root:In get_coordinates_of_buses: bus_number_list:['CL', 'EL']
INFO:root:In get_coordinates_of_buses: dict_bus_lat_lng:{}
INFO:root:In get_bus_distance: dict_bus_distance:{}
INFO:root:In poll_on_distance: dict_bus_distance:{}
INFO:root:In poll_on_distance: approaching_buses:['CL', 'EL']
INFO:root:In get_all_buses_status: response:[{u'lastStop': 155, u'lastUpdate': 1395475665, u'name': u'29729', u'route': 32, u'lon': -87.672485351562, u'heading': 318, u'lat': 42.059085845947, u'id': 29729}, {u'lastStop': 160, u'lastUpdate': 1395475747, u'name': u'29732', u'route': 29, u'lon': -87.67301940918, u'heading': 163, u'lat': 42.004928588867, u'id': 29732}]
INFO:root:In get_all_buses_status: dict_bus_lat_lng:{29729: (42.059085845947, -87.672485351562), 29732: (42.004928588867, -87.67301940918)}
INFO:root:In get_coordinates_of_buses: bus_number_list:['CL', 'EL']
INFO:root:In get_coordinates_of_buses: dict_bus_lat_lng:{}
INFO:root:In get_bus_distance: dict_bus_distance:{}
INFO:root:In poll_on_distance: dict_bus_distance:{}
INFO:root:In poll_on_distance: approaching_buses:['CL', 'EL']
